<?xml version="1.0" encoding="UTF-8"?>
<!-- Generated by org.testng.reporters.JUnitReportReporter -->
<testsuite hostname="HPAMD16" name="utils.DataProvider_TC001" tests="1" failures="0" timestamp="18 Nov 2021 01:26:31 GMT" time="1.114" errors="0">
  <testcase name="getData" time="1.114" classname="utils.DataProvider_TC001"/>
</testsuite> <!-- utils.DataProvider_TC001 -->
