<?xml version="1.0" encoding="UTF-8"?>
<!-- Generated by org.testng.reporters.JUnitReportReporter -->
<testsuite hostname="HPAMD16" name="testcases.TestNGConcepts" tests="2" failures="0" timestamp="16 Nov 2021 02:53:33 GMT" time="0.006" errors="0">
  <testcase name="test1" time="0.005" classname="testcases.TestNGConcepts"/>
  <testcase name="test3" time="0.001" classname="testcases.TestNGConcepts"/>
</testsuite> <!-- testcases.TestNGConcepts -->
