<?xml version="1.0" encoding="UTF-8"?>
<!-- Generated by org.testng.reporters.JUnitReportReporter -->
<testsuite hostname="HPAMD16" name="utils.DataProvider_TC003" tests="1" failures="0" timestamp="19 Nov 2021 17:02:36 GMT" time="1.122" errors="0">
  <testcase name="getData" time="1.122" classname="utils.DataProvider_TC003"/>
</testsuite> <!-- utils.DataProvider_TC003 -->
