<?xml version="1.0" encoding="UTF-8"?>
<!-- Generated by org.testng.reporters.JUnitReportReporter -->
<testsuite hostname="HPAMD16" name="pom_testcases.TC001_IRCTCRegistration" tests="1" failures="0" timestamp="16 Dec 2021 00:54:21 GMT" time="42.512" errors="0">
  <testcase name="testCase" time="42.512" classname="pom_testcases.TC001_IRCTCRegistration"/>
</testsuite> <!-- pom_testcases.TC001_IRCTCRegistration -->
